02/09/2016 20:19:53:825 [08876] | INFO  | Initializing crosire's ReShade version '1.1.0.963' built on '2015-11-07 11:58:17' loaded from "C:\Guild Wars 2\bin64\d3d9.dll" to "C:\Guild Wars 2\Gw2-64.exe" ...
02/09/2016 20:19:53:951 [08876] | INFO  | Registering hooks for "C:\Windows\system32\d3d8.dll" ...
02/09/2016 20:19:53:951 [08876] | INFO  | > Delayed.
02/09/2016 20:19:53:951 [08876] | INFO  | Registering hooks for "C:\Windows\system32\d3d9.dll" ...
02/09/2016 20:19:53:951 [08876] | INFO  | > Delayed.
02/09/2016 20:19:53:951 [08876] | INFO  | Registering hooks for "C:\Windows\system32\d3d10.dll" ...
02/09/2016 20:19:53:953 [08876] | INFO  | > Delayed.
02/09/2016 20:19:53:953 [08876] | INFO  | Registering hooks for "C:\Windows\system32\d3d10_1.dll" ...
02/09/2016 20:19:53:954 [08876] | INFO  | > Delayed.
02/09/2016 20:19:53:954 [08876] | INFO  | Registering hooks for "C:\Windows\system32\d3d11.dll" ...
02/09/2016 20:19:53:954 [08876] | INFO  | > Delayed.
02/09/2016 20:19:53:954 [08876] | INFO  | Registering hooks for "C:\Windows\system32\d3d12.dll" ...
02/09/2016 20:19:53:954 [08876] | INFO  | > Delayed.
02/09/2016 20:19:53:954 [08876] | INFO  | Registering hooks for "C:\Windows\system32\dxgi.dll" ...
02/09/2016 20:19:53:955 [08876] | INFO  | > Libraries loaded.
02/09/2016 20:19:53:955 [08876] | INFO  | > Found 7 match(es). Installing ...
02/09/2016 20:19:54:173 [08876] | INFO  | > Installed 7 hook(s).
02/09/2016 20:19:54:173 [08876] | INFO  | Registering hooks for "C:\Windows\system32\opengl32.dll" ...
02/09/2016 20:19:54:175 [08876] | INFO  | > Delayed.
02/09/2016 20:19:54:175 [08876] | INFO  | Registering hooks for "C:\Windows\system32\user32.dll" ...
02/09/2016 20:19:54:175 [08876] | INFO  | > Libraries loaded.
02/09/2016 20:19:54:187 [08876] | INFO  | > Found 5 match(es). Installing ...
02/09/2016 20:19:54:344 [08876] | INFO  | > Installed 5 hook(s).
02/09/2016 20:19:54:344 [08876] | INFO  | Registering hooks for "C:\Windows\system32\ws2_32.dll" ...
02/09/2016 20:19:54:344 [08876] | INFO  | > Libraries loaded.
02/09/2016 20:19:54:347 [08876] | INFO  | > Found 8 match(es). Installing ...
02/09/2016 20:19:54:601 [08876] | INFO  | > Installed 8 hook(s).
02/09/2016 20:19:54:601 [08876] | INFO  | Initialized.
02/09/2016 20:20:21:012 [08524] | INFO  | Installing delayed hooks for "C:\Windows\system32\d3d9.dll" ...
02/09/2016 20:20:21:012 [08524] | INFO  | > Found 9 match(es). Installing ...
02/09/2016 20:20:21:012 [08524] | INFO  | > Installed 9 hook(s).
02/09/2016 20:21:01:115 [08876] | INFO  | Redirecting 'Direct3DCreate9(32)' ...
02/09/2016 20:21:01:176 [08876] | INFO  | Redirecting 'CreateDXGIFactory({7B7166EC-21C7-44AE-B21A-C9AE321AE369}, 000000775C7FF188)' ...
02/09/2016 20:21:01:179 [08876] | INFO  | Redirecting 'RegisterClassW(000000775C7FF680)' ...
02/09/2016 20:21:01:179 [08876] | INFO  | > Adding 'CS_OWNDC' window class style flag to 'ArenaNet_Dx_Window_Class'.
02/09/2016 20:21:01:181 [08876] | INFO  | Redirecting 'RegisterRawInputDevices(000000775C7FF600, 1, 16)' ...
02/09/2016 20:21:01:187 [08876] | INFO  | Redirecting 'IDirect3D9::CreateDevice(0000017CEBAE9E60, 0, 1, 00000000000E0380, 0x56, 000000775C7FF720, 0000017CECB67138)' ...
02/09/2016 20:21:02:527 [08876] | INFO  | Recreated runtime environment on runtime 0000017CECC92740.
02/09/2016 20:21:02:770 [08876] | INFO  | Redirecting 'IDirect3DDevice9::Reset(0000017CF3E6CF10, 000000775C7FF770)' ...
02/09/2016 20:21:02:770 [08876] | INFO  | Destroyed runtime environment on runtime 0000017CECC92740.
02/09/2016 20:21:02:881 [08876] | INFO  | Recreated runtime environment on runtime 0000017CECC92740.
02/09/2016 20:21:05:440 [08876] | INFO  | Redirecting 'IDirect3DDevice9::Reset(0000017CF3E6CF10, 000000775C7FF790)' ...
02/09/2016 20:21:05:440 [08876] | INFO  | Destroyed runtime environment on runtime 0000017CECC92740.
02/09/2016 20:21:05:643 [08876] | INFO  | Recreated runtime environment on runtime 0000017CECC92740.
02/09/2016 20:21:05:674 [08876] | INFO  | Redirecting 'IDirect3DDevice9::Reset(0000017CF3E6CF10, 000000775C7FF870)' ...
02/09/2016 20:21:05:674 [08876] | INFO  | Destroyed runtime environment on runtime 0000017CECC92740.
02/09/2016 20:21:05:763 [08876] | INFO  | Recreated runtime environment on runtime 0000017CECC92740.
02/09/2016 20:21:07:670 [08876] | INFO  | Redirecting 'IDirect3DDevice9::Reset(0000017CF3E6CF10, 000000775C7FF810)' ...
02/09/2016 20:21:07:670 [08876] | INFO  | Destroyed runtime environment on runtime 0000017CECC92740.
02/09/2016 20:21:07:763 [08876] | INFO  | Recreated runtime environment on runtime 0000017CECC92740.
02/09/2016 20:21:13:622 [08876] | INFO  | Redirecting 'IDirect3DDevice9::Reset(0000017CF3E6CF10, 000000775C7FF700)' ...
02/09/2016 20:21:13:622 [08876] | INFO  | Destroyed runtime environment on runtime 0000017CECC92740.
02/09/2016 20:21:13:735 [08876] | INFO  | Recreated runtime environment on runtime 0000017CECC92740.
02/09/2016 20:21:13:743 [08876] | INFO  | Redirecting 'IDirect3DDevice9::Reset(0000017CF3E6CF10, 000000775C7FF690)' ...
02/09/2016 20:21:13:743 [08876] | INFO  | Destroyed runtime environment on runtime 0000017CECC92740.
02/09/2016 20:21:13:831 [08876] | INFO  | Recreated runtime environment on runtime 0000017CECC92740.
02/09/2016 20:21:13:966 [07268] | INFO  | Loading effect from "C:\Guild Wars 2\bin64\ReShade.fx" ...
02/09/2016 20:21:17:213 [07268] | INFO  | > Successfully compiled effect.
02/09/2016 20:21:17:687 [07268] | INFO  | > Resizing image data for texture 'lensDBTex' from 1024x576 to 1920x1080 ...
02/09/2016 20:21:28:579 [08876] | INFO  | Redirecting 'IDirect3DDevice9::Reset(0000017CF3E6CF10, 000000775C7FF6B0)' ...
02/09/2016 20:21:28:580 [08876] | INFO  | Destroyed runtime environment on runtime 0000017CECC92740.
02/09/2016 20:21:28:812 [08876] | INFO  | Recreated runtime environment on runtime 0000017CECC92740.
02/09/2016 20:21:28:869 [08876] | INFO  | Redirecting 'IDirect3DDevice9::Reset(0000017CF3E6CF10, 000000775C7FF7F0)' ...
02/09/2016 20:21:28:869 [08876] | INFO  | Destroyed runtime environment on runtime 0000017CECC92740.
02/09/2016 20:21:29:037 [08876] | INFO  | Recreated runtime environment on runtime 0000017CECC92740.
02/09/2016 20:21:29:378 [07268] | INFO  | Loading effect from "C:\Guild Wars 2\bin64\ReShade.fx" ...
02/09/2016 20:21:32:421 [07268] | INFO  | > Successfully compiled effect.
02/09/2016 20:21:32:870 [07268] | INFO  | > Resizing image data for texture 'lensDBTex' from 1024x576 to 1920x1080 ...
02/09/2016 20:21:46:901 [08876] | INFO  | Redirecting 'IDirect3DDevice9::Reset(0000017CF3E6CF10, 000000775C7FF6B0)' ...
02/09/2016 20:21:46:902 [08876] | INFO  | Destroyed runtime environment on runtime 0000017CECC92740.
02/09/2016 20:21:47:147 [08876] | INFO  | Recreated runtime environment on runtime 0000017CECC92740.
02/09/2016 20:21:47:466 [08876] | INFO  | Redirecting 'IDirect3DDevice9::Reset(0000017CF3E6CF10, 000000775C7FF7F0)' ...
02/09/2016 20:21:47:466 [08876] | INFO  | Destroyed runtime environment on runtime 0000017CECC92740.
02/09/2016 20:21:47:642 [08876] | INFO  | Recreated runtime environment on runtime 0000017CECC92740.
02/09/2016 20:21:48:007 [07268] | INFO  | Loading effect from "C:\Guild Wars 2\bin64\ReShade.fx" ...
02/09/2016 20:21:51:654 [07268] | INFO  | > Successfully compiled effect.
02/09/2016 20:21:52:168 [07268] | INFO  | > Resizing image data for texture 'lensDBTex' from 1024x576 to 1920x1080 ...
02/09/2016 20:25:06:328 [08876] | INFO  | Redirecting 'IDirect3DDevice9::Reset(0000017CF3E6CF10, 000000775C7FF890)' ...
02/09/2016 20:25:06:329 [08876] | INFO  | Destroyed runtime environment on runtime 0000017CECC92740.
02/09/2016 20:25:07:100 [08876] | INFO  | Recreated runtime environment on runtime 0000017CECC92740.
02/09/2016 20:25:08:586 [07268] | INFO  | Loading effect from "C:\Guild Wars 2\bin64\ReShade.fx" ...
02/09/2016 20:25:11:670 [07268] | INFO  | > Successfully compiled effect.
02/09/2016 20:25:12:114 [07268] | INFO  | > Resizing image data for texture 'lensDBTex' from 1024x576 to 1920x1080 ...
02/09/2016 20:29:01:249 [08876] | INFO  | Redirecting 'IDirect3DDevice9::Reset(0000017CF3E6CF10, 000000775C7FF6B0)' ...
02/09/2016 20:29:01:249 [08876] | INFO  | Destroyed runtime environment on runtime 0000017CECC92740.
02/09/2016 20:29:01:545 [08876] | INFO  | Recreated runtime environment on runtime 0000017CECC92740.
02/09/2016 20:29:01:685 [08876] | INFO  | Redirecting 'IDirect3DDevice9::Reset(0000017CF3E6CF10, 000000775C7FF7F0)' ...
02/09/2016 20:29:01:685 [08876] | INFO  | Destroyed runtime environment on runtime 0000017CECC92740.
02/09/2016 20:29:01:854 [08876] | INFO  | Recreated runtime environment on runtime 0000017CECC92740.
02/09/2016 20:29:02:138 [07268] | INFO  | Loading effect from "C:\Guild Wars 2\bin64\ReShade.fx" ...
02/09/2016 20:29:05:250 [07268] | INFO  | > Successfully compiled effect.
02/09/2016 20:29:05:682 [07268] | INFO  | > Resizing image data for texture 'lensDBTex' from 1024x576 to 1920x1080 ...
02/09/2016 20:37:30:756 [08876] | INFO  | Redirecting 'IDirect3DDevice9::Reset(0000017CF3E6CF10, 000000775C7FF890)' ...
02/09/2016 20:37:30:756 [08876] | INFO  | Destroyed runtime environment on runtime 0000017CECC92740.
02/09/2016 20:37:31:497 [08876] | INFO  | Recreated runtime environment on runtime 0000017CECC92740.
02/09/2016 20:37:32:340 [07268] | INFO  | Loading effect from "C:\Guild Wars 2\bin64\ReShade.fx" ...
02/09/2016 20:37:35:354 [07268] | INFO  | > Successfully compiled effect.
02/09/2016 20:37:35:775 [07268] | INFO  | > Resizing image data for texture 'lensDBTex' from 1024x576 to 1920x1080 ...
02/09/2016 20:40:58:058 [08876] | INFO  | Redirecting 'IDirect3DDevice9::Reset(0000017CF3E6CF10, 000000775C7FF890)' ...
02/09/2016 20:40:58:059 [08876] | INFO  | Destroyed runtime environment on runtime 0000017CECC92740.
02/09/2016 20:40:58:802 [08876] | INFO  | Recreated runtime environment on runtime 0000017CECC92740.
02/09/2016 20:40:59:756 [07268] | INFO  | Loading effect from "C:\Guild Wars 2\bin64\ReShade.fx" ...
02/09/2016 20:41:02:785 [07268] | INFO  | > Successfully compiled effect.
02/09/2016 20:41:03:201 [07268] | INFO  | > Resizing image data for texture 'lensDBTex' from 1024x576 to 1920x1080 ...
02/09/2016 20:41:12:669 [08876] | INFO  | Destroyed runtime environment on runtime 0000017CECC92740.
02/09/2016 20:41:13:261 [07432] | INFO  | Exiting ...
02/09/2016 20:41:13:261 [07432] | INFO  | Uninstalling 38 hook(s) ...
02/09/2016 20:41:13:826 [07432] | INFO  | Exited.
